<?xml version="1.0" encoding="UTF-8"?>
<coverage generated="1622026305932" clover="3.2.0">
  <project timestamp="1622026305932" name="All files">
    <metrics statements="6" coveredstatements="6" conditionals="2" coveredconditionals="2" methods="3" coveredmethods="3" elements="11" coveredelements="11" complexity="0" loc="6" ncloc="6" packages="3" files="3" classes="3"/>
    <package name="lib.components.Container">
      <metrics statements="2" coveredstatements="2" conditionals="0" coveredconditionals="0" methods="1" coveredmethods="1"/>
      <file name="index.tsx" path="/Users/shoboi/SideProjects/rebook/src/lib/components/Container/index.tsx">
        <metrics statements="2" coveredstatements="2" conditionals="0" coveredconditionals="0" methods="1" coveredmethods="1"/>
        <line num="3" count="1" type="stmt"/>
        <line num="4" count="1" type="stmt"/>
      </file>
    </package>
    <package name="lib.components.Navigation">
      <metrics statements="2" coveredstatements="2" conditionals="2" coveredconditionals="2" methods="1" coveredmethods="1"/>
      <file name="NavigationItem.tsx" path="/Users/shoboi/SideProjects/rebook/src/lib/components/Navigation/NavigationItem.tsx">
        <metrics statements="2" coveredstatements="2" conditionals="2" coveredconditionals="2" methods="1" coveredmethods="1"/>
        <line num="10" count="1" type="stmt"/>
        <line num="14" count="2" type="stmt"/>
      </file>
    </package>
    <package name="pages.Home">
      <metrics statements="2" coveredstatements="2" conditionals="0" coveredconditionals="0" methods="1" coveredmethods="1"/>
      <file name="HomePageComponent.tsx" path="/Users/shoboi/SideProjects/rebook/src/pages/Home/HomePageComponent.tsx">
        <metrics statements="2" coveredstatements="2" conditionals="0" coveredconditionals="0" methods="1" coveredmethods="1"/>
        <line num="3" count="1" type="stmt"/>
        <line num="4" count="1" type="stmt"/>
      </file>
    </package>
  </project>
</coverage>
