{"/Users/shoboi/SideProjects/rebook/src/lib/components/Container/index.tsx": {"path":"/Users/shoboi/SideProjects/rebook/src/lib/components/Container/index.tsx","statementMap":{"0":{"start":{"line":3,"column":28},"end":{"line":5,"column":1}},"1":{"start":{"line":4,"column":2},"end":{"line":4,"column":66}}},"fnMap":{"0":{"name":"(anonymous_0)","decl":{"start":{"line":3,"column":28},"end":{"line":3,"column":29}},"loc":{"start":{"line":3,"column":46},"end":{"line":5,"column":1}},"line":3}},"branchMap":{},"s":{"0":1,"1":1},"f":{"0":1},"b":{},"_coverageSchema":"1a1c01bbd47fc00a2c39e90264f33305004495a9","hash":"0fc9de752ebdc04a13c986420cf76435edf5bd1e"}
,"/Users/shoboi/SideProjects/rebook/src/lib/components/Navigation/NavigationItem.tsx": {"path":"/Users/shoboi/SideProjects/rebook/src/lib/components/Navigation/NavigationItem.tsx","statementMap":{"0":{"start":{"line":10,"column":54},"end":{"line":21,"column":1}},"1":{"start":{"line":14,"column":2},"end":{"line":20,"column":7}}},"fnMap":{"0":{"name":"(anonymous_0)","decl":{"start":{"line":10,"column":54},"end":{"line":10,"column":55}},"loc":{"start":{"line":14,"column":2},"end":{"line":20,"column":7}},"line":14}},"branchMap":{"0":{"loc":{"start":{"line":16,"column":6},"end":{"line":16,"column":75}},"type":"cond-expr","locations":[{"start":{"line":16,"column":18},"end":{"line":16,"column":35}},{"start":{"line":16,"column":38},"end":{"line":16,"column":75}}],"line":16}},"s":{"0":1,"1":2},"f":{"0":2},"b":{"0":[1,1]},"_coverageSchema":"1a1c01bbd47fc00a2c39e90264f33305004495a9","hash":"6aed0ee2e2cd2c885f082c6099fd7288d00fedbc"}
,"/Users/shoboi/SideProjects/rebook/src/pages/Home/HomePageComponent.tsx": {"path":"/Users/shoboi/SideProjects/rebook/src/pages/Home/HomePageComponent.tsx","statementMap":{"0":{"start":{"line":3,"column":36},"end":{"line":5,"column":1}},"1":{"start":{"line":4,"column":2},"end":{"line":4,"column":29}}},"fnMap":{"0":{"name":"(anonymous_0)","decl":{"start":{"line":3,"column":36},"end":{"line":3,"column":37}},"loc":{"start":{"line":3,"column":42},"end":{"line":5,"column":1}},"line":3}},"branchMap":{},"s":{"0":1,"1":1},"f":{"0":1},"b":{},"_coverageSchema":"1a1c01bbd47fc00a2c39e90264f33305004495a9","hash":"cc5d82c2c30ec1ecd890c5b005d7eaf979fad92f"}
}
